{
  "stats": {
    "suites": 1,
    "tests": 1,
    "passes": 1,
    "pending": 0,
    "failures": 0,
    "start": "2023-05-30T02:53:07.298Z",
    "end": "2023-05-30T02:53:16.083Z",
    "duration": 8785,
    "testsRegistered": 1,
    "passPercent": 100,
    "pendingPercent": 0,
    "other": 0,
    "hasOther": false,
    "skipped": 0,
    "hasSkipped": false
  },
  "results": [
    {
      "uuid": "f178fcd6-9d32-42d6-8e61-e195e2d84747",
      "title": "",
      "fullFile": "cypress/integration/cadastro-pageObjects.spec.js",
      "file": "cypress/integration/cadastro-pageObjects.spec.js",
      "beforeHooks": [],
      "afterHooks": [],
      "tests": [],
      "suites": [
        {
          "uuid": "3a1f6a96-92e0-4942-b341-5bb010584e54",
          "title": "Cadastro",
          "fullFile": "",
          "file": "",
          "beforeHooks": [],
          "afterHooks": [],
          "tests": [
            {
              "title": "Deve fazer cadastro do usuário",
              "fullTitle": "Cadastro Deve fazer cadastro do usuário",
              "timedOut": null,
              "duration": 8743,
              "state": "passed",
              "speed": "medium",
              "pass": true,
              "fail": false,
              "pending": false,
              "context": null,
              "code": "let email = faker.internet.email();\nlet pass = faker.internet.password();\nmainPage.acessLoginPage();\nloginPage.register(email, pass);\ndashboardPage.titleMain.should('be.visible');",
              "err": {},
              "uuid": "3381930c-3c83-4c60-9230-d172b99b79c0",
              "parentUUID": "3a1f6a96-92e0-4942-b341-5bb010584e54",
              "isHook": false,
              "skipped": false
            }
          ],
          "suites": [],
          "passes": [
            "3381930c-3c83-4c60-9230-d172b99b79c0"
          ],
          "failures": [],
          "pending": [],
          "skipped": [],
          "duration": 8743,
          "root": false,
          "rootEmpty": false,
          "_timeout": 2000
        }
      ],
      "passes": [],
      "failures": [],
      "pending": [],
      "skipped": [],
      "duration": 0,
      "root": true,
      "rootEmpty": true,
      "_timeout": 2000
    }
  ],
  "meta": {
    "mocha": {
      "version": "7.0.1"
    },
    "mochawesome": {
      "options": {
        "quiet": false,
        "reportFilename": "mochawesome",
        "saveHtml": true,
        "saveJson": true,
        "consoleReporter": "spec",
        "useInlineDiffs": false,
        "code": true
      },
      "version": "7.1.3"
    },
    "marge": {
      "options": {
        "reportDir": "mochawesome-report",
        "reportFileName": "index.html",
        "overwrite": false,
        "html": true,
        "json": true
      },
      "version": "6.2.0"
    }
  }
}