{
  "stats": {
    "suites": 1,
    "tests": 1,
    "passes": 1,
    "pending": 0,
    "failures": 0,
    "start": "2023-05-30T02:48:38.679Z",
    "end": "2023-05-30T02:48:54.672Z",
    "duration": 15993,
    "testsRegistered": 1,
    "passPercent": 100,
    "pendingPercent": 0,
    "other": 0,
    "hasOther": false,
    "skipped": 0,
    "hasSkipped": false
  },
  "results": [
    {
      "uuid": "be4ebd7c-390b-424f-b580-d2ae5a433d1d",
      "title": "",
      "fullFile": "cypress/integration/cadastro-pageObjects.spec.js",
      "file": "cypress/integration/cadastro-pageObjects.spec.js",
      "beforeHooks": [],
      "afterHooks": [],
      "tests": [],
      "suites": [
        {
          "uuid": "223f57a5-2377-4b66-8a4e-0ad120e6d07f",
          "title": "Cadastro",
          "fullFile": "",
          "file": "",
          "beforeHooks": [],
          "afterHooks": [],
          "tests": [
            {
              "title": "Deve fazer cadastro do usuário",
              "fullTitle": "Cadastro Deve fazer cadastro do usuário",
              "timedOut": null,
              "duration": 15938,
              "state": "passed",
              "speed": "slow",
              "pass": true,
              "fail": false,
              "pending": false,
              "context": null,
              "code": "let email = faker.internet.email();\nlet pass = faker.internet.password();\nmainPage.acessLoginPage();\nloginPage.register(email, pass);\ndashboardPage.titleMain.should('be.visible');",
              "err": {},
              "uuid": "fa69549c-5c56-446b-8c29-fb6f9b31a492",
              "parentUUID": "223f57a5-2377-4b66-8a4e-0ad120e6d07f",
              "isHook": false,
              "skipped": false
            }
          ],
          "suites": [],
          "passes": [
            "fa69549c-5c56-446b-8c29-fb6f9b31a492"
          ],
          "failures": [],
          "pending": [],
          "skipped": [],
          "duration": 15938,
          "root": false,
          "rootEmpty": false,
          "_timeout": 2000
        }
      ],
      "passes": [],
      "failures": [],
      "pending": [],
      "skipped": [],
      "duration": 0,
      "root": true,
      "rootEmpty": true,
      "_timeout": 2000
    }
  ],
  "meta": {
    "mocha": {
      "version": "7.0.1"
    },
    "mochawesome": {
      "options": {
        "quiet": false,
        "reportFilename": "mochawesome",
        "saveHtml": true,
        "saveJson": true,
        "consoleReporter": "spec",
        "useInlineDiffs": false,
        "code": true
      },
      "version": "7.1.3"
    },
    "marge": {
      "options": {
        "reportDir": "mochawesome-report",
        "reportFileName": "index.html",
        "overwrite": false,
        "html": true,
        "json": true
      },
      "version": "6.2.0"
    }
  }
}