{
  "stats": {
    "suites": 1,
    "tests": 1,
    "passes": 1,
    "pending": 0,
    "failures": 0,
    "start": "2023-05-24T02:20:25.326Z",
    "end": "2023-05-24T02:20:32.845Z",
    "duration": 7519,
    "testsRegistered": 1,
    "passPercent": 100,
    "pendingPercent": 0,
    "other": 0,
    "hasOther": false,
    "skipped": 0,
    "hasSkipped": false
  },
  "results": [
    {
      "uuid": "e1a40c29-9df2-4c20-b5a2-0f16cc1ea678",
      "title": "",
      "fullFile": "cypress/integration/cadastro-pageObjects.spec.js",
      "file": "cypress/integration/cadastro-pageObjects.spec.js",
      "beforeHooks": [],
      "afterHooks": [],
      "tests": [],
      "suites": [
        {
          "uuid": "3ca0db09-28e6-47af-9163-451e97d2f971",
          "title": "Cadastro",
          "fullFile": "",
          "file": "",
          "beforeHooks": [],
          "afterHooks": [],
          "tests": [
            {
              "title": "Deve fazer cadastro do usuário",
              "fullTitle": "Cadastro Deve fazer cadastro do usuário",
              "timedOut": null,
              "duration": 7499,
              "state": "passed",
              "speed": "medium",
              "pass": true,
              "fail": false,
              "pending": false,
              "context": null,
              "code": "let email = faker.internet.email();\nlet pass = faker.internet.password();\nmainPage.acessLoginPage();\nloginPage.register(email, pass);\ndashboardPage.titleMain.should('be.visible');",
              "err": {},
              "uuid": "c84b1251-eb42-436e-b869-39c3abbde8ac",
              "parentUUID": "3ca0db09-28e6-47af-9163-451e97d2f971",
              "isHook": false,
              "skipped": false
            }
          ],
          "suites": [],
          "passes": [
            "c84b1251-eb42-436e-b869-39c3abbde8ac"
          ],
          "failures": [],
          "pending": [],
          "skipped": [],
          "duration": 7499,
          "root": false,
          "rootEmpty": false,
          "_timeout": 2000
        }
      ],
      "passes": [],
      "failures": [],
      "pending": [],
      "skipped": [],
      "duration": 0,
      "root": true,
      "rootEmpty": true,
      "_timeout": 2000
    }
  ],
  "meta": {
    "mocha": {
      "version": "7.0.1"
    },
    "mochawesome": {
      "options": {
        "quiet": false,
        "reportFilename": "index.html",
        "saveHtml": true,
        "saveJson": true,
        "consoleReporter": "spec",
        "useInlineDiffs": false,
        "code": true
      },
      "version": "7.1.3"
    },
    "marge": {
      "options": {
        "reportDir": "cypress/results",
        "reportFilename": "index.html",
        "overwrite": false,
        "html": true,
        "json": true
      },
      "version": "6.2.0"
    }
  }
}