{
  "stats": {
    "suites": 1,
    "tests": 1,
    "passes": 1,
    "pending": 0,
    "failures": 0,
    "start": "2023-05-29T04:01:59.197Z",
    "end": "2023-05-29T04:02:07.435Z",
    "duration": 8238,
    "testsRegistered": 1,
    "passPercent": 100,
    "pendingPercent": 0,
    "other": 0,
    "hasOther": false,
    "skipped": 0,
    "hasSkipped": false
  },
  "results": [
    {
      "uuid": "c9d9acc1-beff-44ba-95ea-b2c89a43418a",
      "title": "",
      "fullFile": "cypress/integration/cadastro-pageObjects.spec.js",
      "file": "cypress/integration/cadastro-pageObjects.spec.js",
      "beforeHooks": [],
      "afterHooks": [],
      "tests": [],
      "suites": [
        {
          "uuid": "7144799b-ff28-4900-a561-989b790068ea",
          "title": "Cadastro",
          "fullFile": "",
          "file": "",
          "beforeHooks": [],
          "afterHooks": [],
          "tests": [
            {
              "title": "Deve fazer cadastro do usuário",
              "fullTitle": "Cadastro Deve fazer cadastro do usuário",
              "timedOut": null,
              "duration": 8206,
              "state": "passed",
              "speed": "medium",
              "pass": true,
              "fail": false,
              "pending": false,
              "context": null,
              "code": "let email = faker.internet.email();\nlet pass = faker.internet.password();\nmainPage.acessLoginPage();\nloginPage.register(email, pass);\ndashboardPage.titleMain.should('be.visible');",
              "err": {},
              "uuid": "e6df70ca-f465-4d14-9ce1-36f75a488476",
              "parentUUID": "7144799b-ff28-4900-a561-989b790068ea",
              "isHook": false,
              "skipped": false
            }
          ],
          "suites": [],
          "passes": [
            "e6df70ca-f465-4d14-9ce1-36f75a488476"
          ],
          "failures": [],
          "pending": [],
          "skipped": [],
          "duration": 8206,
          "root": false,
          "rootEmpty": false,
          "_timeout": 2000
        }
      ],
      "passes": [],
      "failures": [],
      "pending": [],
      "skipped": [],
      "duration": 0,
      "root": true,
      "rootEmpty": true,
      "_timeout": 2000
    }
  ],
  "meta": {
    "mocha": {
      "version": "7.0.1"
    },
    "mochawesome": {
      "options": {
        "quiet": false,
        "reportFilename": "index.html",
        "saveHtml": true,
        "saveJson": true,
        "consoleReporter": "spec",
        "useInlineDiffs": false,
        "code": true
      },
      "version": "7.1.3"
    },
    "marge": {
      "options": {
        "reportDir": "cypress/results",
        "reportFilename": "index.html",
        "overwrite": false,
        "html": true,
        "json": true
      },
      "version": "6.2.0"
    }
  }
}