{
  "stats": {
    "suites": 1,
    "tests": 1,
    "passes": 0,
    "pending": 0,
    "failures": 1,
    "start": "2023-05-24T04:13:17.990Z",
    "end": "2023-05-24T04:13:21.509Z",
    "duration": 3519,
    "testsRegistered": 1,
    "passPercent": 0,
    "pendingPercent": 0,
    "other": 0,
    "hasOther": false,
    "skipped": 0,
    "hasSkipped": false
  },
  "results": [
    {
      "uuid": "dc4d8986-aabd-4863-953f-29fba1ec617b",
      "title": "",
      "fullFile": "cypress/integration/checkout-appActions.spec.js",
      "file": "cypress/integration/checkout-appActions.spec.js",
      "beforeHooks": [],
      "afterHooks": [],
      "tests": [],
      "suites": [
        {
          "uuid": "e54bb8b9-e9a0-48e5-93a2-3d8a9b41f32c",
          "title": "Checkout",
          "fullFile": "",
          "file": "",
          "beforeHooks": [],
          "afterHooks": [],
          "tests": [
            {
              "title": "Checkout",
              "fullTitle": "Checkout Checkout",
              "timedOut": null,
              "duration": 3462,
              "state": "failed",
              "speed": null,
              "pass": false,
              "fail": true,
              "pending": false,
              "context": null,
              "code": "cy.visit('/#');\ncy.choseProduct('arcadio-gym-short', '32', 'Black', '1');\ncy.firstUpdateOrder();\ncy.secondUpdateOrder();\ncy.checkout();\ncy.get('.page-title').should('contain', 'Pedido recebido');",
              "err": {
                "message": "CypressError: `cy.request()` failed on:\n\nhttp://lojaebac.ebaconline.art.br/?wc-ajax=update_order_review\n\nThe response we received from your web server was:\n\n  > 403: Forbidden\n\nThis was considered a failure because the status code was not `2xx` or `3xx`.\n\nIf you do not want status codes to cause failures pass the option: `failOnStatusCode: false`\n\n-----------------------------------------------------------\n\nThe request we sent was:\n\nMethod: POST\nURL: http://lojaebac.ebaconline.art.br/?wc-ajax=update_order_review\nHeaders: {\n  \"Connection\": \"keep-alive\",\n  \"content-type\": \"multipart/form-data; boundary=----CypressFormDataBoundary\",\n  \"user-agent\": \"Mozilla/5.0 (Windows NT 10.0; Win64; x64) AppleWebKit/537.36 (KHTML, like Gecko) Cypress/9.4.1 Chrome/94.0.4606.81 Electron/15.3.4 Safari/537.36\",\n  \"accept\": \"*/*\",\n  \"cookie\": \"tk_r3d=%22%22; tk_lr=%22%22; tk_or=%22%22\",\n  \"accept-encoding\": \"gzip, deflate\",\n  \"content-length\": 1752\n}\nBody: {}\n\n-----------------------------------------------------------\n\nThe response we got was:\n\nStatus: 403 - Forbidden\nHeaders: {\n  \"date\": \"Wed, 24 May 2023 04:13:21 GMT\",\n  \"server\": \"Apache/2.4.38 (Debian)\",\n  \"x-powered-by\": \"PHP/7.4.19\",\n  \"x-content-type-options\": \"nosniff\",\n  \"expires\": \"Wed, 11 Jan 1984 05:00:00 GMT\",\n  \"cache-control\": \"no-cache, must-revalidate, max-age=0\",\n  \"x-robots-tag\": \"noindex\",\n  \"content-length\": \"2\",\n  \"keep-alive\": \"timeout=5, max=76\",\n  \"connection\": \"Keep-Alive\",\n  \"content-type\": \"text/html; charset=UTF-8\"\n}\nBody: {}\n\n\nhttps://on.cypress.io/request",
                "estack": "CypressError: `cy.request()` failed on:\n\nhttp://lojaebac.ebaconline.art.br/?wc-ajax=update_order_review\n\nThe response we received from your web server was:\n\n  > 403: Forbidden\n\nThis was considered a failure because the status code was not `2xx` or `3xx`.\n\nIf you do not want status codes to cause failures pass the option: `failOnStatusCode: false`\n\n-----------------------------------------------------------\n\nThe request we sent was:\n\nMethod: POST\nURL: http://lojaebac.ebaconline.art.br/?wc-ajax=update_order_review\nHeaders: {\n  \"Connection\": \"keep-alive\",\n  \"content-type\": \"multipart/form-data; boundary=----CypressFormDataBoundary\",\n  \"user-agent\": \"Mozilla/5.0 (Windows NT 10.0; Win64; x64) AppleWebKit/537.36 (KHTML, like Gecko) Cypress/9.4.1 Chrome/94.0.4606.81 Electron/15.3.4 Safari/537.36\",\n  \"accept\": \"*/*\",\n  \"cookie\": \"tk_r3d=%22%22; tk_lr=%22%22; tk_or=%22%22\",\n  \"accept-encoding\": \"gzip, deflate\",\n  \"content-length\": 1752\n}\nBody: {}\n\n-----------------------------------------------------------\n\nThe response we got was:\n\nStatus: 403 - Forbidden\nHeaders: {\n  \"date\": \"Wed, 24 May 2023 04:13:21 GMT\",\n  \"server\": \"Apache/2.4.38 (Debian)\",\n  \"x-powered-by\": \"PHP/7.4.19\",\n  \"x-content-type-options\": \"nosniff\",\n  \"expires\": \"Wed, 11 Jan 1984 05:00:00 GMT\",\n  \"cache-control\": \"no-cache, must-revalidate, max-age=0\",\n  \"x-robots-tag\": \"noindex\",\n  \"content-length\": \"2\",\n  \"keep-alive\": \"timeout=5, max=76\",\n  \"connection\": \"Keep-Alive\",\n  \"content-type\": \"text/html; charset=UTF-8\"\n}\nBody: {}\n\n\nhttps://on.cypress.io/request\n    at http://lojaebac.ebaconline.art.br/__cypress/runner/cypress_runner.js:160569:80\n    at tryCatcher (http://lojaebac.ebaconline.art.br/__cypress/runner/cypress_runner.js:13196:23)\n    at Promise._settlePromiseFromHandler (http://lojaebac.ebaconline.art.br/__cypress/runner/cypress_runner.js:11131:31)\n    at Promise._settlePromise (http://lojaebac.ebaconline.art.br/__cypress/runner/cypress_runner.js:11188:18)\n    at Promise._settlePromise0 (http://lojaebac.ebaconline.art.br/__cypress/runner/cypress_runner.js:11233:10)\n    at Promise._settlePromises (http://lojaebac.ebaconline.art.br/__cypress/runner/cypress_runner.js:11313:18)\n    at _drainQueueStep (http://lojaebac.ebaconline.art.br/__cypress/runner/cypress_runner.js:7903:12)\n    at _drainQueue (http://lojaebac.ebaconline.art.br/__cypress/runner/cypress_runner.js:7896:9)\n    at Async.../../node_modules/bluebird/js/release/async.js.Async._drainQueues (http://lojaebac.ebaconline.art.br/__cypress/runner/cypress_runner.js:7912:5)\n    at Async.drainQueues (http://lojaebac.ebaconline.art.br/__cypress/runner/cypress_runner.js:7782:14)\nFrom Your Spec Code:\n    at Context.eval (http://lojaebac.ebaconline.art.br/__cypress/tests?p=cypress\\support\\index.js:158:6)",
                "diff": null
              },
              "uuid": "a1e4cc7f-97bc-42c9-8718-14e85efe331d",
              "parentUUID": "e54bb8b9-e9a0-48e5-93a2-3d8a9b41f32c",
              "isHook": false,
              "skipped": false
            }
          ],
          "suites": [],
          "passes": [],
          "failures": [
            "a1e4cc7f-97bc-42c9-8718-14e85efe331d"
          ],
          "pending": [],
          "skipped": [],
          "duration": 3462,
          "root": false,
          "rootEmpty": false,
          "_timeout": 2000
        }
      ],
      "passes": [],
      "failures": [],
      "pending": [],
      "skipped": [],
      "duration": 0,
      "root": true,
      "rootEmpty": true,
      "_timeout": 2000
    }
  ],
  "meta": {
    "mocha": {
      "version": "7.0.1"
    },
    "mochawesome": {
      "options": {
        "quiet": false,
        "reportFilename": "index.html",
        "saveHtml": true,
        "saveJson": true,
        "consoleReporter": "spec",
        "useInlineDiffs": false,
        "code": true
      },
      "version": "7.1.3"
    },
    "marge": {
      "options": {
        "reportDir": "cypress/results",
        "reportFilename": "index.html",
        "overwrite": true,
        "html": true,
        "json": true
      },
      "version": "6.2.0"
    }
  }
}