{
  "stats": {
    "suites": 1,
    "tests": 4,
    "passes": 4,
    "pending": 0,
    "failures": 0,
    "start": "2023-05-10T05:08:04.609Z",
    "end": "2023-05-10T05:08:28.159Z",
    "duration": 23550,
    "testsRegistered": 4,
    "passPercent": 100,
    "pendingPercent": 0,
    "other": 0,
    "hasOther": false,
    "skipped": 0,
    "hasSkipped": false
  },
  "results": [
    {
      "uuid": "bb25a55d-803d-499c-aa0f-783e46817ae0",
      "title": "",
      "fullFile": "cypress/integration/cart-Intercept.spec.js",
      "file": "cypress/integration/cart-Intercept.spec.js",
      "beforeHooks": [],
      "afterHooks": [],
      "tests": [],
      "suites": [
        {
          "uuid": "908982e1-f7eb-40d5-93eb-62efa86bbd9e",
          "title": "Intercept cart",
          "fullFile": "",
          "file": "",
          "beforeHooks": [],
          "afterHooks": [],
          "tests": [
            {
              "title": "Add item to cart fragment",
              "fullTitle": "Intercept cart Add item to cart fragment",
              "timedOut": null,
              "duration": 8809,
              "state": "passed",
              "speed": "medium",
              "pass": true,
              "fail": false,
              "pending": false,
              "context": null,
              "code": "cy.intercept({\n  method: 'POST',\n  url: '/?wc-ajax=get_refreshed_fragments'\n}, req => {\n  req.reply({\n    statusCode: 200,\n    body: {\n      \"fragments\": {\n        \"div.widget_shopping_cart_content\": \"<div class=\\\"widget_shopping_cart_content\\\">\\r\\n<div class=\\\"mini_cart_content\\\">\\r\\n\\t<div class=\\\"mini_cart_inner\\\">\\r\\n\\t\\t<div class=\\\"mcart-border\\\">\\r\\n\\t\\t\\t\\t\\t\\t\\t<ul class=\\\"cart_list product_list_widget \\\">\\r\\n\\t\\t\\t\\t\\t\\t\\t\\t\\t\\t\\t\\t<li id=\\\"mcitem-3ced71723187d9a13d48c34ac4879b1d mini_cart_item\\\">\\r\\n\\t\\t\\t\\t\\t\\t\\t\\t<a class=\\\"product-image\\\" href=\\\"http://lojaebac.ebaconline.art.br/product/atlas-fitness-tank/?attribute_size=XS&#038;attribute_color=Blue\\\">\\r\\n\\t\\t\\t\\t\\t\\t\\t\\t\\t<img width=\\\"427\\\" height=\\\"546\\\" src=\\\"//lojaebac.ebaconline.art.br/wp-content/uploads/2021/05/mt11-blue_main-427x546.jpg\\\" class=\\\"attachment-woocommerce_thumbnail size-woocommerce_thumbnail\\\" alt=\\\"\\\" decoding=\\\"async\\\" loading=\\\"lazy\\\" />\\t\\t\\t\\t\\t\\t\\t\\t</a>\\r\\n\\t\\t\\t\\t\\t\\t\\t\\t<div class=\\\"product-details\\\">\\r\\n\\t\\t\\t\\t\\t\\t\\t\\t\\t<a href=\\\"http://lojaebac.ebaconline.art.br/carrinho/?remove_item=3ced71723187d9a13d48c34ac4879b1d&#038;_wpnonce=fb1f42a187\\\" class=\\\"remove\\\" aria-label=\\\"Remove this item\\\" data-product_id=\\\"3680\\\" data-product_sku=\\\"MT11-XS-Blue\\\" data-cart_item_key=\\\"3ced71723187d9a13d48c34ac4879b1d\\\">&times;</a>\\t\\t\\t\\t\\t\\t\\t\\t\\t<a class=\\\"product-name\\\" href=\\\"http://lojaebac.ebaconline.art.br/product/atlas-fitness-tank/?attribute_size=XS&#038;attribute_color=Blue\\\">Atlas Fitness Tank - XS, Blue</a>\\r\\n\\t\\t\\t\\t\\t\\t\\t\\t\\t\\r\\n\\t\\t\\t\\t\\t\\t\\t\\t\\t<span class=\\\"quantity\\\">\\r\\n\\t\\t\\t\\t\\t\\t\\t\\t\\t\\tQty: 1\\t\\t\\t\\t\\t\\t\\t\\t\\t</span>\\r\\n\\t\\t\\t\\t\\t\\t\\t\\t\\t\\r\\n\\t\\t\\t\\t\\t\\t\\t\\t\\t\\t\\t\\t\\t\\t\\t\\t\\t\\t<span class=\\\"woocommerce-Price-amount amount\\\"><bdi><span class=\\\"woocommerce-Price-currencySymbol\\\">&#82;&#36;</span>18,00</bdi></span>\\t\\t\\t\\t\\t\\t\\t\\t</div>\\r\\n\\t\\t\\t\\t\\t\\t\\t</li>\\r\\n\\t\\t\\t\\t\\t\\t\\t\\t\\t\\t\\t</ul><!-- end product list -->\\r\\n\\t\\t\\t\\r\\n\\t\\t\\t\\r\\n\\t\\t\\t\\t<p class=\\\"total\\\">\\r\\n\\t\\t\\t\\t\\t<strong>Subtotal:</strong> <span class=\\\"woocommerce-Price-amount amount\\\"><bdi><span class=\\\"woocommerce-Price-currencySymbol\\\">&#82;&#36;</span>18,00</bdi></span>\\t\\t\\t\\t</p>\\r\\n\\r\\n\\t\\t\\t\\t\\r\\n\\t\\t\\t\\t<p class=\\\"buttons\\\">\\r\\n\\t\\t\\t\\t\\t<a href=\\\"http://lojaebac.ebaconline.art.br/carrinho/\\\" class=\\\"button wc-forward view-cart\\\">View Cart</a>\\r\\n\\t\\t\\t\\t\\t<a href=\\\"http://lojaebac.ebaconline.art.br/checkout/\\\" class=\\\"button checkout wc-forward\\\">Checkout</a>\\t\\r\\n\\t\\t\\t\\t</p>\\r\\n\\r\\n\\t\\t\\t\\t\\t\\t<div class=\\\"clearfix\\\"></div>\\r\\n\\t\\t</div>\\r\\n\\t</div>\\r\\n</div>\\r\\n</div>\",\n        \"#cart .mini-cart-items\": \" <span class=\\\"mini-cart-items\\\"> 1  </span> \",\n        \"#cart .mini-cart-total\": \"<span class=\\\"woocommerce-Price-amount amount\\\"><bdi><span class=\\\"woocommerce-Price-currencySymbol\\\">&#82;&#36;</span>18,00</bdi></span>\",\n        \"#cart span.sub-title\": \"\\r\\n     <span class=\\\"sub-title\\\">Cart : <span class=\\\"woocommerce-Price-amount amount\\\"><bdi><span class=\\\"woocommerce-Price-currencySymbol\\\">&#82;&#36;</span>18,00</bdi></span></span>\\r\\n     \\r\\n    \",\n        \"span.cart-mobile\": \"\\r\\n    <span class=\\\"mini-cart-items cart-mobile\\\">\\r\\n        1    </span>\\r\\n\\r\\n    \"\n      },\n      \"cart_hash\": \"43837b3037b9fa6912f07a37f14ced39\"\n    }\n  });\n}).as('interceptAddCart');\ncy.visit('/product/abominable-hoodie/');\ncy.get('.button-variable-item-XS').click();\ncy.get('.button-variable-item-Blue').click();\ncy.get('.single_add_to_cart_button').click();",
              "err": {},
              "uuid": "d3d1e5e2-d56d-42be-b434-a9bba3e7c58d",
              "parentUUID": "908982e1-f7eb-40d5-93eb-62efa86bbd9e",
              "isHook": false,
              "skipped": false
            },
            {
              "title": "Mocking cart with products",
              "fullTitle": "Intercept cart Mocking cart with products",
              "timedOut": null,
              "duration": 919,
              "state": "passed",
              "speed": "fast",
              "pass": true,
              "fail": false,
              "pending": false,
              "context": null,
              "code": "cy.intercept('GET', '/carrinho/', {\n  fixture: 'cart.html'\n}).as('mockingCart');\ncy.visit('/carrinho/');",
              "err": {},
              "uuid": "fb9b5ff7-60ba-4541-bf02-0c8068f5b75f",
              "parentUUID": "908982e1-f7eb-40d5-93eb-62efa86bbd9e",
              "isHook": false,
              "skipped": false
            },
            {
              "title": "Mocking refresh cart",
              "fullTitle": "Intercept cart Mocking refresh cart",
              "timedOut": null,
              "duration": 6669,
              "state": "passed",
              "speed": "medium",
              "pass": true,
              "fail": false,
              "pending": false,
              "context": null,
              "code": "cy.intercept('GET', '/carrinho/', {\n  fixture: 'cart refresh item.html'\n}).as('mockingCartRefreshed');\ncy.visit('/product/abominable-hoodie/');\ncy.get('.button-variable-item-XS').click();\ncy.get('.button-variable-item-Blue').click();\ncy.get('.single_add_to_cart_button').click();\ncy.visit('/carrinho/');\ncy.get(':nth-child(1) > .product-quantity > .quantity > .plus');",
              "err": {},
              "uuid": "422134c7-d9b7-49ae-9e10-32532ab8d649",
              "parentUUID": "908982e1-f7eb-40d5-93eb-62efa86bbd9e",
              "isHook": false,
              "skipped": false
            },
            {
              "title": "Mocking Remove item",
              "fullTitle": "Intercept cart Mocking Remove item",
              "timedOut": null,
              "duration": 7022,
              "state": "passed",
              "speed": "medium",
              "pass": true,
              "fail": false,
              "pending": false,
              "context": null,
              "code": "cy.intercept('GET', '/carrinho/?removed*', {\n  fixture: 'cart emphty.html'\n}).as('mockingCartEmpthy');\ncy.visit('/product/abominable-hoodie/');\ncy.get('.button-variable-item-XS').click();\ncy.get('.button-variable-item-Blue').click();\ncy.get('.single_add_to_cart_button').click();\ncy.visit('/carrinho/');\ncy.get(':nth-child(1) > .product-remove > .remove > .fa').click();\ncy.visit('/carrinho/');",
              "err": {},
              "uuid": "43048fd1-d2fd-4d8f-96b1-b6100816fed5",
              "parentUUID": "908982e1-f7eb-40d5-93eb-62efa86bbd9e",
              "isHook": false,
              "skipped": false
            }
          ],
          "suites": [],
          "passes": [
            "d3d1e5e2-d56d-42be-b434-a9bba3e7c58d",
            "fb9b5ff7-60ba-4541-bf02-0c8068f5b75f",
            "422134c7-d9b7-49ae-9e10-32532ab8d649",
            "43048fd1-d2fd-4d8f-96b1-b6100816fed5"
          ],
          "failures": [],
          "pending": [],
          "skipped": [],
          "duration": 23419,
          "root": false,
          "rootEmpty": false,
          "_timeout": 2000
        }
      ],
      "passes": [],
      "failures": [],
      "pending": [],
      "skipped": [],
      "duration": 0,
      "root": true,
      "rootEmpty": true,
      "_timeout": 2000
    }
  ],
  "meta": {
    "mocha": {
      "version": "7.0.1"
    },
    "mochawesome": {
      "options": {
        "quiet": false,
        "reportFilename": "index.html",
        "saveHtml": true,
        "saveJson": true,
        "consoleReporter": "spec",
        "useInlineDiffs": false,
        "code": true
      },
      "version": "7.1.3"
    },
    "marge": {
      "options": {
        "reportDir": "mochawesome-report",
        "overwrite": false,
        "reportFilename": "index.html",
        "html": true,
        "json": true
      },
      "version": "6.2.0"
    }
  }
}