{
  "stats": {
    "suites": 3,
    "tests": 6,
    "passes": 4,
    "pending": 0,
    "failures": 2,
    "testsRegistered": 6,
    "passPercent": 66.66666666666667,
    "pendingPercent": 0,
    "other": 0,
    "hasOther": false,
    "skipped": 0,
    "hasSkipped": false,
    "start": "2023-05-24T04:11:17.477Z",
    "end": "2023-05-24T04:13:21.509Z",
    "duration": 124032
  },
  "results": [
    {
      "uuid": "a3489610-2778-49a4-9990-9df7798b73e9",
      "title": "",
      "fullFile": "cypress/integration/cart-Intercept.spec.js",
      "file": "cypress/integration/cart-Intercept.spec.js",
      "beforeHooks": [],
      "afterHooks": [],
      "tests": [],
      "suites": [
        {
          "uuid": "019464c0-3355-4fb7-9800-4a28ed0084f3",
          "title": "Intercept cart",
          "fullFile": "",
          "file": "",
          "beforeHooks": [],
          "afterHooks": [],
          "tests": [
            {
              "title": "Add item to cart fragment",
              "fullTitle": "Intercept cart Add item to cart fragment",
              "timedOut": null,
              "duration": 3803,
              "state": "passed",
              "speed": "fast",
              "pass": true,
              "fail": false,
              "pending": false,
              "context": null,
              "code": "cy.intercept({\n  method: 'POST',\n  url: '/?wc-ajax=get_refreshed_fragments'\n}, req => {\n  req.reply({\n    statusCode: 200,\n    body: {\n      \"fragments\": {\n        \"div.widget_shopping_cart_content\": \"<div class=\\\"widget_shopping_cart_content\\\">\\r\\n<div class=\\\"mini_cart_content\\\">\\r\\n\\t<div class=\\\"mini_cart_inner\\\">\\r\\n\\t\\t<div class=\\\"mcart-border\\\">\\r\\n\\t\\t\\t\\t\\t\\t\\t<ul class=\\\"cart_list product_list_widget \\\">\\r\\n\\t\\t\\t\\t\\t\\t\\t\\t\\t\\t\\t\\t<li id=\\\"mcitem-3ced71723187d9a13d48c34ac4879b1d mini_cart_item\\\">\\r\\n\\t\\t\\t\\t\\t\\t\\t\\t<a class=\\\"product-image\\\" href=\\\"http://lojaebac.ebaconline.art.br/product/atlas-fitness-tank/?attribute_size=XS&#038;attribute_color=Blue\\\">\\r\\n\\t\\t\\t\\t\\t\\t\\t\\t\\t<img width=\\\"427\\\" height=\\\"546\\\" src=\\\"//lojaebac.ebaconline.art.br/wp-content/uploads/2021/05/mt11-blue_main-427x546.jpg\\\" class=\\\"attachment-woocommerce_thumbnail size-woocommerce_thumbnail\\\" alt=\\\"\\\" decoding=\\\"async\\\" loading=\\\"lazy\\\" />\\t\\t\\t\\t\\t\\t\\t\\t</a>\\r\\n\\t\\t\\t\\t\\t\\t\\t\\t<div class=\\\"product-details\\\">\\r\\n\\t\\t\\t\\t\\t\\t\\t\\t\\t<a href=\\\"http://lojaebac.ebaconline.art.br/carrinho/?remove_item=3ced71723187d9a13d48c34ac4879b1d&#038;_wpnonce=fb1f42a187\\\" class=\\\"remove\\\" aria-label=\\\"Remove this item\\\" data-product_id=\\\"3680\\\" data-product_sku=\\\"MT11-XS-Blue\\\" data-cart_item_key=\\\"3ced71723187d9a13d48c34ac4879b1d\\\">&times;</a>\\t\\t\\t\\t\\t\\t\\t\\t\\t<a class=\\\"product-name\\\" href=\\\"http://lojaebac.ebaconline.art.br/product/atlas-fitness-tank/?attribute_size=XS&#038;attribute_color=Blue\\\">Atlas Fitness Tank - XS, Blue</a>\\r\\n\\t\\t\\t\\t\\t\\t\\t\\t\\t\\r\\n\\t\\t\\t\\t\\t\\t\\t\\t\\t<span class=\\\"quantity\\\">\\r\\n\\t\\t\\t\\t\\t\\t\\t\\t\\t\\tQty: 1\\t\\t\\t\\t\\t\\t\\t\\t\\t</span>\\r\\n\\t\\t\\t\\t\\t\\t\\t\\t\\t\\r\\n\\t\\t\\t\\t\\t\\t\\t\\t\\t\\t\\t\\t\\t\\t\\t\\t\\t\\t<span class=\\\"woocommerce-Price-amount amount\\\"><bdi><span class=\\\"woocommerce-Price-currencySymbol\\\">&#82;&#36;</span>18,00</bdi></span>\\t\\t\\t\\t\\t\\t\\t\\t</div>\\r\\n\\t\\t\\t\\t\\t\\t\\t</li>\\r\\n\\t\\t\\t\\t\\t\\t\\t\\t\\t\\t\\t</ul><!-- end product list -->\\r\\n\\t\\t\\t\\r\\n\\t\\t\\t\\r\\n\\t\\t\\t\\t<p class=\\\"total\\\">\\r\\n\\t\\t\\t\\t\\t<strong>Subtotal:</strong> <span class=\\\"woocommerce-Price-amount amount\\\"><bdi><span class=\\\"woocommerce-Price-currencySymbol\\\">&#82;&#36;</span>18,00</bdi></span>\\t\\t\\t\\t</p>\\r\\n\\r\\n\\t\\t\\t\\t\\r\\n\\t\\t\\t\\t<p class=\\\"buttons\\\">\\r\\n\\t\\t\\t\\t\\t<a href=\\\"http://lojaebac.ebaconline.art.br/carrinho/\\\" class=\\\"button wc-forward view-cart\\\">View Cart</a>\\r\\n\\t\\t\\t\\t\\t<a href=\\\"http://lojaebac.ebaconline.art.br/checkout/\\\" class=\\\"button checkout wc-forward\\\">Checkout</a>\\t\\r\\n\\t\\t\\t\\t</p>\\r\\n\\r\\n\\t\\t\\t\\t\\t\\t<div class=\\\"clearfix\\\"></div>\\r\\n\\t\\t</div>\\r\\n\\t</div>\\r\\n</div>\\r\\n</div>\",\n        \"#cart .mini-cart-items\": \" <span class=\\\"mini-cart-items\\\"> 1  </span> \",\n        \"#cart .mini-cart-total\": \"<span class=\\\"woocommerce-Price-amount amount\\\"><bdi><span class=\\\"woocommerce-Price-currencySymbol\\\">&#82;&#36;</span>18,00</bdi></span>\",\n        \"#cart span.sub-title\": \"\\r\\n     <span class=\\\"sub-title\\\">Cart : <span class=\\\"woocommerce-Price-amount amount\\\"><bdi><span class=\\\"woocommerce-Price-currencySymbol\\\">&#82;&#36;</span>18,00</bdi></span></span>\\r\\n     \\r\\n    \",\n        \"span.cart-mobile\": \"\\r\\n    <span class=\\\"mini-cart-items cart-mobile\\\">\\r\\n        1    </span>\\r\\n\\r\\n    \"\n      },\n      \"cart_hash\": \"43837b3037b9fa6912f07a37f14ced39\"\n    }\n  });\n}).as('interceptAddCart');\ncy.visit('/product/abominable-hoodie/');\ncy.get('.button-variable-item-XS').click();\ncy.get('.button-variable-item-Blue').click();\ncy.get('.single_add_to_cart_button').click();",
              "err": {},
              "uuid": "c600f4a1-b6a8-4ebd-bfd7-4f169596c768",
              "parentUUID": "019464c0-3355-4fb7-9800-4a28ed0084f3",
              "isHook": false,
              "skipped": false
            },
            {
              "title": "Mocking cart with products",
              "fullTitle": "Intercept cart Mocking cart with products",
              "timedOut": null,
              "duration": 687,
              "state": "passed",
              "speed": "fast",
              "pass": true,
              "fail": false,
              "pending": false,
              "context": null,
              "code": "cy.intercept('GET', '/carrinho/', {\n  fixture: 'cart.html'\n}).as('mockingCart');\ncy.visit('/carrinho/');",
              "err": {},
              "uuid": "9fcef6c2-473b-4adb-b2a1-3814e6b65f9c",
              "parentUUID": "019464c0-3355-4fb7-9800-4a28ed0084f3",
              "isHook": false,
              "skipped": false
            },
            {
              "title": "Mocking refresh cart",
              "fullTitle": "Intercept cart Mocking refresh cart",
              "timedOut": null,
              "duration": 3648,
              "state": "passed",
              "speed": "fast",
              "pass": true,
              "fail": false,
              "pending": false,
              "context": null,
              "code": "cy.intercept('GET', '/carrinho/', {\n  fixture: 'cart refresh item.html'\n}).as('mockingCartRefreshed');\ncy.visit('/product/abominable-hoodie/');\ncy.get('.button-variable-item-XS').click();\ncy.get('.button-variable-item-Blue').click();\ncy.get('.single_add_to_cart_button').click();\ncy.visit('/carrinho/');\ncy.get(':nth-child(1) > .product-quantity > .quantity > .plus');",
              "err": {},
              "uuid": "e835d675-0f01-4e86-818a-c7d0bb31d6cf",
              "parentUUID": "019464c0-3355-4fb7-9800-4a28ed0084f3",
              "isHook": false,
              "skipped": false
            },
            {
              "title": "Mocking Remove item",
              "fullTitle": "Intercept cart Mocking Remove item",
              "timedOut": null,
              "duration": 4753,
              "state": "passed",
              "speed": "fast",
              "pass": true,
              "fail": false,
              "pending": false,
              "context": null,
              "code": "cy.intercept('GET', '/carrinho/?removed*', {\n  fixture: 'cart emphty.html'\n}).as('mockingCartEmpthy');\ncy.visit('/product/abominable-hoodie/');\ncy.get('.button-variable-item-XS').click();\ncy.get('.button-variable-item-Blue').click();\ncy.get('.single_add_to_cart_button').click();\ncy.visit('/carrinho/');\ncy.get(':nth-child(1) > .product-remove > .remove > .fa').click();\ncy.visit('/carrinho/');",
              "err": {},
              "uuid": "9217189e-31cd-48da-bbc6-7c5e2c4022d5",
              "parentUUID": "019464c0-3355-4fb7-9800-4a28ed0084f3",
              "isHook": false,
              "skipped": false
            }
          ],
          "suites": [],
          "passes": [
            "c600f4a1-b6a8-4ebd-bfd7-4f169596c768",
            "9fcef6c2-473b-4adb-b2a1-3814e6b65f9c",
            "e835d675-0f01-4e86-818a-c7d0bb31d6cf",
            "9217189e-31cd-48da-bbc6-7c5e2c4022d5"
          ],
          "failures": [],
          "pending": [],
          "skipped": [],
          "duration": 12891,
          "root": false,
          "rootEmpty": false,
          "_timeout": 2000
        }
      ],
      "passes": [],
      "failures": [],
      "pending": [],
      "skipped": [],
      "duration": 0,
      "root": true,
      "rootEmpty": true,
      "_timeout": 2000
    },
    {
      "uuid": "88571052-34f1-429b-9af6-0aff50b584df",
      "title": "",
      "fullFile": "cypress/integration/checkout-appActions.spec.js",
      "file": "cypress/integration/checkout-appActions.spec.js",
      "beforeHooks": [],
      "afterHooks": [],
      "tests": [],
      "suites": [
        {
          "uuid": "db9f1268-9498-47b9-a62e-7b17186d7192",
          "title": "Checkout",
          "fullFile": "",
          "file": "",
          "beforeHooks": [],
          "afterHooks": [],
          "tests": [
            {
              "title": "Checkout",
              "fullTitle": "Checkout Checkout",
              "timedOut": null,
              "duration": 3424,
              "state": "failed",
              "speed": null,
              "pass": false,
              "fail": true,
              "pending": false,
              "context": null,
              "code": "cy.visit('/#');\ncy.choseProduct('arcadio-gym-short', '32', 'Black', '1');\ncy.firstUpdateOrder();\ncy.secondUpdateOrder();\ncy.checkout();\ncy.get('.page-title').should('contain', 'Pedido recebido');",
              "err": {
                "message": "CypressError: `cy.request()` failed on:\n\nhttp://lojaebac.ebaconline.art.br/?wc-ajax=update_order_review\n\nThe response we received from your web server was:\n\n  > 403: Forbidden\n\nThis was considered a failure because the status code was not `2xx` or `3xx`.\n\nIf you do not want status codes to cause failures pass the option: `failOnStatusCode: false`\n\n-----------------------------------------------------------\n\nThe request we sent was:\n\nMethod: POST\nURL: http://lojaebac.ebaconline.art.br/?wc-ajax=update_order_review\nHeaders: {\n  \"Connection\": \"keep-alive\",\n  \"content-type\": \"multipart/form-data; boundary=----CypressFormDataBoundary\",\n  \"user-agent\": \"Mozilla/5.0 (Windows NT 10.0; Win64; x64) AppleWebKit/537.36 (KHTML, like Gecko) Cypress/9.4.1 Chrome/94.0.4606.81 Electron/15.3.4 Safari/537.36\",\n  \"accept\": \"*/*\",\n  \"cookie\": \"tk_r3d=%22%22; tk_lr=%22%22; tk_or=%22%22\",\n  \"accept-encoding\": \"gzip, deflate\",\n  \"content-length\": 1752\n}\nBody: {}\n\n-----------------------------------------------------------\n\nThe response we got was:\n\nStatus: 403 - Forbidden\nHeaders: {\n  \"date\": \"Wed, 24 May 2023 04:11:39 GMT\",\n  \"server\": \"Apache/2.4.38 (Debian)\",\n  \"x-powered-by\": \"PHP/7.4.19\",\n  \"x-content-type-options\": \"nosniff\",\n  \"expires\": \"Wed, 11 Jan 1984 05:00:00 GMT\",\n  \"cache-control\": \"no-cache, must-revalidate, max-age=0\",\n  \"x-robots-tag\": \"noindex\",\n  \"content-length\": \"2\",\n  \"keep-alive\": \"timeout=5, max=80\",\n  \"connection\": \"Keep-Alive\",\n  \"content-type\": \"text/html; charset=UTF-8\"\n}\nBody: {}\n\n\nhttps://on.cypress.io/request",
                "estack": "CypressError: `cy.request()` failed on:\n\nhttp://lojaebac.ebaconline.art.br/?wc-ajax=update_order_review\n\nThe response we received from your web server was:\n\n  > 403: Forbidden\n\nThis was considered a failure because the status code was not `2xx` or `3xx`.\n\nIf you do not want status codes to cause failures pass the option: `failOnStatusCode: false`\n\n-----------------------------------------------------------\n\nThe request we sent was:\n\nMethod: POST\nURL: http://lojaebac.ebaconline.art.br/?wc-ajax=update_order_review\nHeaders: {\n  \"Connection\": \"keep-alive\",\n  \"content-type\": \"multipart/form-data; boundary=----CypressFormDataBoundary\",\n  \"user-agent\": \"Mozilla/5.0 (Windows NT 10.0; Win64; x64) AppleWebKit/537.36 (KHTML, like Gecko) Cypress/9.4.1 Chrome/94.0.4606.81 Electron/15.3.4 Safari/537.36\",\n  \"accept\": \"*/*\",\n  \"cookie\": \"tk_r3d=%22%22; tk_lr=%22%22; tk_or=%22%22\",\n  \"accept-encoding\": \"gzip, deflate\",\n  \"content-length\": 1752\n}\nBody: {}\n\n-----------------------------------------------------------\n\nThe response we got was:\n\nStatus: 403 - Forbidden\nHeaders: {\n  \"date\": \"Wed, 24 May 2023 04:11:39 GMT\",\n  \"server\": \"Apache/2.4.38 (Debian)\",\n  \"x-powered-by\": \"PHP/7.4.19\",\n  \"x-content-type-options\": \"nosniff\",\n  \"expires\": \"Wed, 11 Jan 1984 05:00:00 GMT\",\n  \"cache-control\": \"no-cache, must-revalidate, max-age=0\",\n  \"x-robots-tag\": \"noindex\",\n  \"content-length\": \"2\",\n  \"keep-alive\": \"timeout=5, max=80\",\n  \"connection\": \"Keep-Alive\",\n  \"content-type\": \"text/html; charset=UTF-8\"\n}\nBody: {}\n\n\nhttps://on.cypress.io/request\n    at http://lojaebac.ebaconline.art.br/__cypress/runner/cypress_runner.js:160569:80\n    at tryCatcher (http://lojaebac.ebaconline.art.br/__cypress/runner/cypress_runner.js:13196:23)\n    at Promise._settlePromiseFromHandler (http://lojaebac.ebaconline.art.br/__cypress/runner/cypress_runner.js:11131:31)\n    at Promise._settlePromise (http://lojaebac.ebaconline.art.br/__cypress/runner/cypress_runner.js:11188:18)\n    at Promise._settlePromise0 (http://lojaebac.ebaconline.art.br/__cypress/runner/cypress_runner.js:11233:10)\n    at Promise._settlePromises (http://lojaebac.ebaconline.art.br/__cypress/runner/cypress_runner.js:11313:18)\n    at _drainQueueStep (http://lojaebac.ebaconline.art.br/__cypress/runner/cypress_runner.js:7903:12)\n    at _drainQueue (http://lojaebac.ebaconline.art.br/__cypress/runner/cypress_runner.js:7896:9)\n    at Async.../../node_modules/bluebird/js/release/async.js.Async._drainQueues (http://lojaebac.ebaconline.art.br/__cypress/runner/cypress_runner.js:7912:5)\n    at Async.drainQueues (http://lojaebac.ebaconline.art.br/__cypress/runner/cypress_runner.js:7782:14)\nFrom Your Spec Code:\n    at Context.eval (http://lojaebac.ebaconline.art.br/__cypress/tests?p=cypress\\support\\index.js:158:6)",
                "diff": null
              },
              "uuid": "ecdd7311-68a4-4b74-89d4-920045ae043d",
              "parentUUID": "db9f1268-9498-47b9-a62e-7b17186d7192",
              "isHook": false,
              "skipped": false
            }
          ],
          "suites": [],
          "passes": [],
          "failures": [
            "ecdd7311-68a4-4b74-89d4-920045ae043d"
          ],
          "pending": [],
          "skipped": [],
          "duration": 3424,
          "root": false,
          "rootEmpty": false,
          "_timeout": 2000
        }
      ],
      "passes": [],
      "failures": [],
      "pending": [],
      "skipped": [],
      "duration": 0,
      "root": true,
      "rootEmpty": true,
      "_timeout": 2000
    },
    {
      "uuid": "dc4d8986-aabd-4863-953f-29fba1ec617b",
      "title": "",
      "fullFile": "cypress/integration/checkout-appActions.spec.js",
      "file": "cypress/integration/checkout-appActions.spec.js",
      "beforeHooks": [],
      "afterHooks": [],
      "tests": [],
      "suites": [
        {
          "uuid": "e54bb8b9-e9a0-48e5-93a2-3d8a9b41f32c",
          "title": "Checkout",
          "fullFile": "",
          "file": "",
          "beforeHooks": [],
          "afterHooks": [],
          "tests": [
            {
              "title": "Checkout",
              "fullTitle": "Checkout Checkout",
              "timedOut": null,
              "duration": 3462,
              "state": "failed",
              "speed": null,
              "pass": false,
              "fail": true,
              "pending": false,
              "context": null,
              "code": "cy.visit('/#');\ncy.choseProduct('arcadio-gym-short', '32', 'Black', '1');\ncy.firstUpdateOrder();\ncy.secondUpdateOrder();\ncy.checkout();\ncy.get('.page-title').should('contain', 'Pedido recebido');",
              "err": {
                "message": "CypressError: `cy.request()` failed on:\n\nhttp://lojaebac.ebaconline.art.br/?wc-ajax=update_order_review\n\nThe response we received from your web server was:\n\n  > 403: Forbidden\n\nThis was considered a failure because the status code was not `2xx` or `3xx`.\n\nIf you do not want status codes to cause failures pass the option: `failOnStatusCode: false`\n\n-----------------------------------------------------------\n\nThe request we sent was:\n\nMethod: POST\nURL: http://lojaebac.ebaconline.art.br/?wc-ajax=update_order_review\nHeaders: {\n  \"Connection\": \"keep-alive\",\n  \"content-type\": \"multipart/form-data; boundary=----CypressFormDataBoundary\",\n  \"user-agent\": \"Mozilla/5.0 (Windows NT 10.0; Win64; x64) AppleWebKit/537.36 (KHTML, like Gecko) Cypress/9.4.1 Chrome/94.0.4606.81 Electron/15.3.4 Safari/537.36\",\n  \"accept\": \"*/*\",\n  \"cookie\": \"tk_r3d=%22%22; tk_lr=%22%22; tk_or=%22%22\",\n  \"accept-encoding\": \"gzip, deflate\",\n  \"content-length\": 1752\n}\nBody: {}\n\n-----------------------------------------------------------\n\nThe response we got was:\n\nStatus: 403 - Forbidden\nHeaders: {\n  \"date\": \"Wed, 24 May 2023 04:13:21 GMT\",\n  \"server\": \"Apache/2.4.38 (Debian)\",\n  \"x-powered-by\": \"PHP/7.4.19\",\n  \"x-content-type-options\": \"nosniff\",\n  \"expires\": \"Wed, 11 Jan 1984 05:00:00 GMT\",\n  \"cache-control\": \"no-cache, must-revalidate, max-age=0\",\n  \"x-robots-tag\": \"noindex\",\n  \"content-length\": \"2\",\n  \"keep-alive\": \"timeout=5, max=76\",\n  \"connection\": \"Keep-Alive\",\n  \"content-type\": \"text/html; charset=UTF-8\"\n}\nBody: {}\n\n\nhttps://on.cypress.io/request",
                "estack": "CypressError: `cy.request()` failed on:\n\nhttp://lojaebac.ebaconline.art.br/?wc-ajax=update_order_review\n\nThe response we received from your web server was:\n\n  > 403: Forbidden\n\nThis was considered a failure because the status code was not `2xx` or `3xx`.\n\nIf you do not want status codes to cause failures pass the option: `failOnStatusCode: false`\n\n-----------------------------------------------------------\n\nThe request we sent was:\n\nMethod: POST\nURL: http://lojaebac.ebaconline.art.br/?wc-ajax=update_order_review\nHeaders: {\n  \"Connection\": \"keep-alive\",\n  \"content-type\": \"multipart/form-data; boundary=----CypressFormDataBoundary\",\n  \"user-agent\": \"Mozilla/5.0 (Windows NT 10.0; Win64; x64) AppleWebKit/537.36 (KHTML, like Gecko) Cypress/9.4.1 Chrome/94.0.4606.81 Electron/15.3.4 Safari/537.36\",\n  \"accept\": \"*/*\",\n  \"cookie\": \"tk_r3d=%22%22; tk_lr=%22%22; tk_or=%22%22\",\n  \"accept-encoding\": \"gzip, deflate\",\n  \"content-length\": 1752\n}\nBody: {}\n\n-----------------------------------------------------------\n\nThe response we got was:\n\nStatus: 403 - Forbidden\nHeaders: {\n  \"date\": \"Wed, 24 May 2023 04:13:21 GMT\",\n  \"server\": \"Apache/2.4.38 (Debian)\",\n  \"x-powered-by\": \"PHP/7.4.19\",\n  \"x-content-type-options\": \"nosniff\",\n  \"expires\": \"Wed, 11 Jan 1984 05:00:00 GMT\",\n  \"cache-control\": \"no-cache, must-revalidate, max-age=0\",\n  \"x-robots-tag\": \"noindex\",\n  \"content-length\": \"2\",\n  \"keep-alive\": \"timeout=5, max=76\",\n  \"connection\": \"Keep-Alive\",\n  \"content-type\": \"text/html; charset=UTF-8\"\n}\nBody: {}\n\n\nhttps://on.cypress.io/request\n    at http://lojaebac.ebaconline.art.br/__cypress/runner/cypress_runner.js:160569:80\n    at tryCatcher (http://lojaebac.ebaconline.art.br/__cypress/runner/cypress_runner.js:13196:23)\n    at Promise._settlePromiseFromHandler (http://lojaebac.ebaconline.art.br/__cypress/runner/cypress_runner.js:11131:31)\n    at Promise._settlePromise (http://lojaebac.ebaconline.art.br/__cypress/runner/cypress_runner.js:11188:18)\n    at Promise._settlePromise0 (http://lojaebac.ebaconline.art.br/__cypress/runner/cypress_runner.js:11233:10)\n    at Promise._settlePromises (http://lojaebac.ebaconline.art.br/__cypress/runner/cypress_runner.js:11313:18)\n    at _drainQueueStep (http://lojaebac.ebaconline.art.br/__cypress/runner/cypress_runner.js:7903:12)\n    at _drainQueue (http://lojaebac.ebaconline.art.br/__cypress/runner/cypress_runner.js:7896:9)\n    at Async.../../node_modules/bluebird/js/release/async.js.Async._drainQueues (http://lojaebac.ebaconline.art.br/__cypress/runner/cypress_runner.js:7912:5)\n    at Async.drainQueues (http://lojaebac.ebaconline.art.br/__cypress/runner/cypress_runner.js:7782:14)\nFrom Your Spec Code:\n    at Context.eval (http://lojaebac.ebaconline.art.br/__cypress/tests?p=cypress\\support\\index.js:158:6)",
                "diff": null
              },
              "uuid": "a1e4cc7f-97bc-42c9-8718-14e85efe331d",
              "parentUUID": "e54bb8b9-e9a0-48e5-93a2-3d8a9b41f32c",
              "isHook": false,
              "skipped": false
            }
          ],
          "suites": [],
          "passes": [],
          "failures": [
            "a1e4cc7f-97bc-42c9-8718-14e85efe331d"
          ],
          "pending": [],
          "skipped": [],
          "duration": 3462,
          "root": false,
          "rootEmpty": false,
          "_timeout": 2000
        }
      ],
      "passes": [],
      "failures": [],
      "pending": [],
      "skipped": [],
      "duration": 0,
      "root": true,
      "rootEmpty": true,
      "_timeout": 2000
    }
  ],
  "meta": {
    "mocha": {
      "version": "7.0.1"
    },
    "mochawesome": {
      "options": {
        "quiet": false,
        "reportFilename": "index.html",
        "saveHtml": true,
        "saveJson": true,
        "consoleReporter": "spec",
        "useInlineDiffs": false,
        "code": true
      },
      "version": "7.1.3"
    },
    "marge": {
      "options": {
        "reportDir": "cypress/results",
        "reportFilename": "index.html",
        "overwrite": false,
        "html": true,
        "json": true
      },
      "version": "6.2.0"
    }
  }
}