{
  "stats": {
    "suites": 1,
    "tests": 1,
    "passes": 1,
    "pending": 0,
    "failures": 0,
    "start": "2023-05-10T05:07:50.531Z",
    "end": "2023-05-10T05:07:58.364Z",
    "duration": 7833,
    "testsRegistered": 1,
    "passPercent": 100,
    "pendingPercent": 0,
    "other": 0,
    "hasOther": false,
    "skipped": 0,
    "hasSkipped": false
  },
  "results": [
    {
      "uuid": "a4f0cbf0-750b-47da-98c8-90f93e977db7",
      "title": "",
      "fullFile": "cypress/integration/cadastro-pageObjects.spec.js",
      "file": "cypress/integration/cadastro-pageObjects.spec.js",
      "beforeHooks": [],
      "afterHooks": [],
      "tests": [],
      "suites": [
        {
          "uuid": "8f199821-fdbf-4f87-96af-d7e5da8d1472",
          "title": "Cadastro",
          "fullFile": "",
          "file": "",
          "beforeHooks": [],
          "afterHooks": [],
          "tests": [
            {
              "title": "Deve fazer cadastro do usuário",
              "fullTitle": "Cadastro Deve fazer cadastro do usuário",
              "timedOut": null,
              "duration": 7814,
              "state": "passed",
              "speed": "medium",
              "pass": true,
              "fail": false,
              "pending": false,
              "context": null,
              "code": "let email = faker.internet.email();\nlet pass = faker.internet.password();\nmainPage.acessLoginPage();\nloginPage.register(email, pass);\ndashboardPage.titleMain.should('be.visible');",
              "err": {},
              "uuid": "4a3093c0-c3b0-419b-ab50-f6271ff696c9",
              "parentUUID": "8f199821-fdbf-4f87-96af-d7e5da8d1472",
              "isHook": false,
              "skipped": false
            }
          ],
          "suites": [],
          "passes": [
            "4a3093c0-c3b0-419b-ab50-f6271ff696c9"
          ],
          "failures": [],
          "pending": [],
          "skipped": [],
          "duration": 7814,
          "root": false,
          "rootEmpty": false,
          "_timeout": 2000
        }
      ],
      "passes": [],
      "failures": [],
      "pending": [],
      "skipped": [],
      "duration": 0,
      "root": true,
      "rootEmpty": true,
      "_timeout": 2000
    }
  ],
  "meta": {
    "mocha": {
      "version": "7.0.1"
    },
    "mochawesome": {
      "options": {
        "quiet": false,
        "reportFilename": "index.html",
        "saveHtml": true,
        "saveJson": true,
        "consoleReporter": "spec",
        "useInlineDiffs": false,
        "code": true
      },
      "version": "7.1.3"
    },
    "marge": {
      "options": {
        "reportDir": "mochawesome-report",
        "overwrite": false,
        "reportFilename": "index.html",
        "html": true,
        "json": true
      },
      "version": "6.2.0"
    }
  }
}